+270.0000 
+2.5000 
+7.5000 
+2.0000 
+5.0000 
-1.0000 
+179.0000 
+1.0000 
+1.0000 
+180.0000 
+10.0000 
+5.0000 
+5.0000 
+1.0000 
+5.0000 
+12.0711 
+7.5000 
+12.5000 
+14.1421 
+25.0000 
+7.0711 
+10.0000 
+7.5000 
+8.0711 
+3.5000 
+5.0000 
+5.0000 
+5.0000 
+10.0000 
+0.0000 
+10.0000 
+5.0000 
+2.5000 
+275.0000 
+12.0711 
+7.5000 
+7.5000 
+6.0000 
+4.0000 
+5.0000 
+5.0000 
+22.5000 
+10.0000 
+5.0000 
+22.5000 
+7.5000 
+6.0000 
+9.0000 
+23.5000 
+10.0000 
+27.5000 
+5.0000 
+12.0711 
+30.0000 
+2.5000 
+10.0000 
+22.5000 
+5.0000 
+125.0000 
+65.0000 
+10.0000 
+90.0000 
+30.0000 
+10.0000 
+97.0711 
+37.5000 
+7.5000 
+91.0000 
+31.0000 
+6.0000 
+95.0000 
+30.0000 
+10.0000 
+52.5000 
+5.0000 
+125.0000 
+10.0000 
+47.5000 
+10.0000 
+90.0000 
+5.0000 
+10.0000 
+270.0000 
+97.0711 
+12.5000 
+7.5000 
+91.0000 
+6.0000 
+38.5000 
+95.0000 
+5.0000 
+42.5000 
+5.0000 
+90.0000 
+95.0000 
+27.5000 
+60.0000 
+10.0000 
+180.0000 
+35.0000 
+67.5000 
+5.0000 
+180.0000 
+10.0000 
+75.0000 
+5.0000 
+12.5000 
+15.0000 
+50.0000 
+10.0000 
+12.5000 
+10.0000 
+42.5000 
+7.5000 
+19.5711 
+17.5000 
+47.5000 
+7.5000 
+13.5000 
+11.0000 
+41.0000 
+9.0000 
+17.5000 
+10.0000 
+45.0000 
+5.0000 
+17.5000 
+32.5000 
+62.5000 
+10.0000 
+102.5000 
+40.0000 
+70.0000 
+10.0000 
+102.5000 
+15.0000 
+77.5000 
+10.0000 
+25.0000 
+20.0000 
+85.0000 
+10.0000 
